<?xml version="1.0" encoding="UTF-8"?>
<testsuite name="com.csc.TestCalculator" tests="1" skipped="0" failures="0" errors="0" timestamp="2024-12-14T04:14:10" hostname="CHRIS-LAPTOP" time="0.019">
  <properties/>
  <testcase name="itWorks()" classname="com.csc.TestCalculator" time="0.019"/>
  <system-out><![CDATA[]]></system-out>
  <system-err><![CDATA[]]></system-err>
</testsuite>
